<?xml version="1.0" encoding="UTF-8"?>
<testsuite xmlns:xsi="http://www.w3.org/2001/XMLSchema-instance" xsi:noNamespaceSchemaLocation="https://maven.apache.org/surefire/maven-surefire-plugin/xsd/surefire-test-report-3.0.xsd" version="3.0" name="com.erickg.Topic22ApplicationTests" time="4.603" tests="1" errors="0" skipped="0" failures="0">
  <properties>
[...]
</properties>
  <testcase name="contextLoads" classname="com.erickg.Topic22ApplicationTests" time="1.067">
    <system-out><![CDATA[23:48:55.842 [main] INFO org.springframework.test.context.support.AnnotationConfigContextLoaderUtils -- Could not detect default configuration classes for test class [com.erickg.Topic22ApplicationTests]: Topic22ApplicationTests does not declare any static, non-private, non-final, nested classes annotated with @Configuration.
23:48:56.005 [main] INFO org.springframework.boot.test.context.SpringBootTestContextBootstrapper -- Found @SpringBootConfiguration com.erickg.Topic32Application for test class com.erickg.Topic22ApplicationTests

  .   ____          _            __ _ _
 /\\ / ___'_ __ _ _(_)_ __  __ _ \ \ \ \
( ( )\___ | '_ | '_| | '_ \/ _` | \ \ \ \
 \\/  ___)| |_)| | | | | || (_| |  ) ) ) )
  '  |____| .__|_| |_|_| |_\__, | / / / /
 =========|_|==============|___/=/_/_/_/
 :: Spring Boot ::                (v3.1.4)

2023-10-23T23:48:56.527-07:00  INFO 72943 --- [           main] com.erickg.Topic22ApplicationTests       : Starting Topic22ApplicationTests using Java 17.0.6 with PID 72943 (started by erickgrant in /Users/erickgrant/Documents/Computer Programming/Software-Class/CST-339/SpringTools/topic3-3)
2023-10-23T23:48:56.529-07:00  INFO 72943 --- [           main] com.erickg.Topic22ApplicationTests       : No active profile set, falling back to 1 default profile: "default"
2023-10-23T23:48:59.104-07:00  INFO 72943 --- [           main] com.erickg.Topic22ApplicationTests       : Started Topic22ApplicationTests in 2.947 seconds (process running for 4.288)
]]></system-out>
  </testcase>
</testsuite>